2025-11-03 14:16:05,518 - ShipNavigation - INFO - Loading assets...
2025-11-03 14:16:05,652 - ShipNavigation - INFO - Pre-rendering grid...
2025-11-03 14:16:05,659 - ShipNavigation - INFO - Application started with enhanced features
2025-11-03 14:16:14,619 - ShipNavigation - INFO - Start button clicked - caches cleared
2025-11-03 14:16:14,653 - ShipNavigation - INFO - Using CLICK input mode
2025-11-03 14:16:14,654 - ShipNavigation - INFO - Starting A* from (76, 93) to (99, 127)
2025-11-03 14:16:14,654 - ShipNavigation - INFO - Profile - Cargo: False, Passenger: True
2025-11-03 14:16:14,654 - ShipNavigation - INFO - Optimizations - Fuel: False, Speed: False, Comfort: True
2025-11-03 14:16:54,165 - ShipNavigation - INFO - Points reset
2025-11-03 14:17:00,921 - ShipNavigation - INFO - Start button clicked - caches cleared
2025-11-03 14:17:00,951 - ShipNavigation - INFO - Using CLICK input mode
2025-11-03 14:17:00,951 - ShipNavigation - INFO - Starting A* from (74, 96) to (100, 125)
2025-11-03 14:17:00,951 - ShipNavigation - INFO - Profile - Cargo: True, Passenger: False
2025-11-03 14:17:00,953 - ShipNavigation - INFO - Optimizations - Fuel: True, Speed: False, Comfort: False
2025-11-03 14:17:21,214 - ShipNavigation - INFO - Points reset
2025-11-03 14:19:38,136 - ShipNavigation - INFO - Start button clicked - caches cleared
2025-11-03 14:19:38,172 - ShipNavigation - INFO - Using MANUAL input mode
2025-11-03 14:19:38,175 - ShipNavigation - INFO - Parsed coordinates: Start(17.4000°E, 83.3000°N) End(11.3000°E, 93.0000°N)
2025-11-03 14:19:38,175 - ShipNavigation - ERROR - Start: Coordinates (17.40°E, 83.30°N) outside acceptable region (60-100°E, 0-40°N)
2025-11-03 14:19:41,882 - ShipNavigation - INFO - Start button clicked - caches cleared
2025-11-03 14:19:41,915 - ShipNavigation - INFO - Using MANUAL input mode
2025-11-03 14:19:41,915 - ShipNavigation - INFO - Parsed coordinates: Start(17.4000°E, 83.3000°N) End(11.3000°E, 93.0000°N)
2025-11-03 14:19:41,916 - ShipNavigation - ERROR - Start: Coordinates (17.40°E, 83.30°N) outside acceptable region (60-100°E, 0-40°N)
2025-11-03 14:19:43,854 - ShipNavigation - INFO - Start button clicked - caches cleared
2025-11-03 14:19:43,889 - ShipNavigation - INFO - Using MANUAL input mode
2025-11-03 14:19:43,890 - ShipNavigation - INFO - Parsed coordinates: Start(17.4000°E, 83.3000°N) End(11.3000°E, 93.0000°N)
2025-11-03 14:19:43,890 - ShipNavigation - ERROR - Start: Coordinates (17.40°E, 83.30°N) outside acceptable region (60-100°E, 0-40°N)
2025-11-03 14:19:44,232 - ShipNavigation - INFO - Start button clicked - caches cleared
2025-11-03 14:19:44,263 - ShipNavigation - INFO - Using MANUAL input mode
2025-11-03 14:19:44,264 - ShipNavigation - INFO - Parsed coordinates: Start(17.4000°E, 83.3000°N) End(11.3000°E, 93.0000°N)
2025-11-03 14:19:44,264 - ShipNavigation - ERROR - Start: Coordinates (17.40°E, 83.30°N) outside acceptable region (60-100°E, 0-40°N)
2025-11-03 14:19:44,468 - ShipNavigation - INFO - Start button clicked - caches cleared
2025-11-03 14:19:44,502 - ShipNavigation - INFO - Using MANUAL input mode
2025-11-03 14:19:44,503 - ShipNavigation - INFO - Parsed coordinates: Start(17.4000°E, 83.3000°N) End(11.3000°E, 93.0000°N)
2025-11-03 14:19:44,503 - ShipNavigation - ERROR - Start: Coordinates (17.40°E, 83.30°N) outside acceptable region (60-100°E, 0-40°N)
2025-11-03 14:19:44,802 - ShipNavigation - INFO - Start button clicked - caches cleared
2025-11-03 14:19:44,829 - ShipNavigation - INFO - Using MANUAL input mode
2025-11-03 14:19:44,830 - ShipNavigation - INFO - Parsed coordinates: Start(17.4000°E, 83.3000°N) End(11.3000°E, 93.0000°N)
2025-11-03 14:19:44,830 - ShipNavigation - ERROR - Start: Coordinates (17.40°E, 83.30°N) outside acceptable region (60-100°E, 0-40°N)
2025-11-03 14:19:45,066 - ShipNavigation - INFO - Start button clicked - caches cleared
2025-11-03 14:19:45,097 - ShipNavigation - INFO - Using MANUAL input mode
2025-11-03 14:19:45,097 - ShipNavigation - INFO - Parsed coordinates: Start(17.4000°E, 83.3000°N) End(11.3000°E, 93.0000°N)
2025-11-03 14:19:45,098 - ShipNavigation - ERROR - Start: Coordinates (17.40°E, 83.30°N) outside acceptable region (60-100°E, 0-40°N)
2025-11-03 14:19:45,366 - ShipNavigation - INFO - Start button clicked - caches cleared
2025-11-03 14:19:45,397 - ShipNavigation - INFO - Using MANUAL input mode
2025-11-03 14:19:45,397 - ShipNavigation - INFO - Parsed coordinates: Start(17.4000°E, 83.3000°N) End(11.3000°E, 93.0000°N)
2025-11-03 14:19:45,398 - ShipNavigation - ERROR - Start: Coordinates (17.40°E, 83.30°N) outside acceptable region (60-100°E, 0-40°N)
2025-11-03 14:19:45,869 - ShipNavigation - INFO - Start button clicked - caches cleared
2025-11-03 14:19:45,898 - ShipNavigation - INFO - Using MANUAL input mode
2025-11-03 14:19:45,899 - ShipNavigation - INFO - Parsed coordinates: Start(17.4000°E, 83.3000°N) End(11.3000°E, 93.0000°N)
2025-11-03 14:19:45,899 - ShipNavigation - ERROR - Start: Coordinates (17.40°E, 83.30°N) outside acceptable region (60-100°E, 0-40°N)
2025-11-03 14:19:46,168 - ShipNavigation - INFO - Start button clicked - caches cleared
2025-11-03 14:19:46,200 - ShipNavigation - INFO - Using MANUAL input mode
2025-11-03 14:19:46,201 - ShipNavigation - INFO - Parsed coordinates: Start(17.4000°E, 83.3000°N) End(11.3000°E, 93.0000°N)
2025-11-03 14:19:46,201 - ShipNavigation - ERROR - Start: Coordinates (17.40°E, 83.30°N) outside acceptable region (60-100°E, 0-40°N)
2025-11-03 14:19:46,614 - ShipNavigation - INFO - Start button clicked - caches cleared
2025-11-03 14:19:46,645 - ShipNavigation - INFO - Using MANUAL input mode
2025-11-03 14:19:46,646 - ShipNavigation - INFO - Parsed coordinates: Start(17.4000°E, 83.3000°N) End(11.3000°E, 93.0000°N)
2025-11-03 14:19:46,647 - ShipNavigation - ERROR - Start: Coordinates (17.40°E, 83.30°N) outside acceptable region (60-100°E, 0-40°N)
2025-11-03 14:19:46,922 - ShipNavigation - INFO - Start button clicked - caches cleared
2025-11-03 14:19:46,953 - ShipNavigation - INFO - Using MANUAL input mode
2025-11-03 14:19:46,953 - ShipNavigation - INFO - Parsed coordinates: Start(17.4000°E, 83.3000°N) End(11.3000°E, 93.0000°N)
2025-11-03 14:19:46,953 - ShipNavigation - ERROR - Start: Coordinates (17.40°E, 83.30°N) outside acceptable region (60-100°E, 0-40°N)
2025-11-03 14:19:47,191 - ShipNavigation - INFO - Start button clicked - caches cleared
2025-11-03 14:19:47,222 - ShipNavigation - INFO - Using MANUAL input mode
2025-11-03 14:19:47,223 - ShipNavigation - INFO - Parsed coordinates: Start(17.4000°E, 83.3000°N) End(11.3000°E, 93.0000°N)
2025-11-03 14:19:47,223 - ShipNavigation - ERROR - Start: Coordinates (17.40°E, 83.30°N) outside acceptable region (60-100°E, 0-40°N)
2025-11-03 14:19:47,457 - ShipNavigation - INFO - Start button clicked - caches cleared
2025-11-03 14:19:47,487 - ShipNavigation - INFO - Using MANUAL input mode
2025-11-03 14:19:47,487 - ShipNavigation - INFO - Parsed coordinates: Start(17.4000°E, 83.3000°N) End(11.3000°E, 93.0000°N)
2025-11-03 14:19:47,487 - ShipNavigation - ERROR - Start: Coordinates (17.40°E, 83.30°N) outside acceptable region (60-100°E, 0-40°N)
2025-11-03 14:19:47,756 - ShipNavigation - INFO - Start button clicked - caches cleared
2025-11-03 14:19:47,787 - ShipNavigation - INFO - Using MANUAL input mode
2025-11-03 14:19:47,788 - ShipNavigation - INFO - Parsed coordinates: Start(17.4000°E, 83.3000°N) End(11.3000°E, 93.0000°N)
2025-11-03 14:19:47,788 - ShipNavigation - ERROR - Start: Coordinates (17.40°E, 83.30°N) outside acceptable region (60-100°E, 0-40°N)
2025-11-03 14:19:48,020 - ShipNavigation - INFO - Start button clicked - caches cleared
2025-11-03 14:19:48,058 - ShipNavigation - INFO - Using MANUAL input mode
2025-11-03 14:19:48,059 - ShipNavigation - INFO - Parsed coordinates: Start(17.4000°E, 83.3000°N) End(11.3000°E, 93.0000°N)
2025-11-03 14:19:48,059 - ShipNavigation - ERROR - Start: Coordinates (17.40°E, 83.30°N) outside acceptable region (60-100°E, 0-40°N)
2025-11-03 14:19:48,329 - ShipNavigation - INFO - Start button clicked - caches cleared
2025-11-03 14:19:48,367 - ShipNavigation - INFO - Using MANUAL input mode
2025-11-03 14:19:48,369 - ShipNavigation - INFO - Parsed coordinates: Start(17.4000°E, 83.3000°N) End(11.3000°E, 93.0000°N)
2025-11-03 14:19:48,369 - ShipNavigation - ERROR - Start: Coordinates (17.40°E, 83.30°N) outside acceptable region (60-100°E, 0-40°N)
2025-11-03 14:19:48,632 - ShipNavigation - INFO - Start button clicked - caches cleared
2025-11-03 14:19:48,669 - ShipNavigation - INFO - Using MANUAL input mode
2025-11-03 14:19:48,669 - ShipNavigation - INFO - Parsed coordinates: Start(17.4000°E, 83.3000°N) End(11.3000°E, 93.0000°N)
2025-11-03 14:19:48,671 - ShipNavigation - ERROR - Start: Coordinates (17.40°E, 83.30°N) outside acceptable region (60-100°E, 0-40°N)
2025-11-03 14:19:48,904 - ShipNavigation - INFO - Start button clicked - caches cleared
2025-11-03 14:19:48,939 - ShipNavigation - INFO - Using MANUAL input mode
2025-11-03 14:19:48,939 - ShipNavigation - INFO - Parsed coordinates: Start(17.4000°E, 83.3000°N) End(11.3000°E, 93.0000°N)
2025-11-03 14:19:48,940 - ShipNavigation - ERROR - Start: Coordinates (17.40°E, 83.30°N) outside acceptable region (60-100°E, 0-40°N)
2025-11-03 14:19:49,148 - ShipNavigation - INFO - Start button clicked - caches cleared
2025-11-03 14:19:49,188 - ShipNavigation - INFO - Using MANUAL input mode
2025-11-03 14:19:49,188 - ShipNavigation - INFO - Parsed coordinates: Start(17.4000°E, 83.3000°N) End(11.3000°E, 93.0000°N)
2025-11-03 14:19:49,189 - ShipNavigation - ERROR - Start: Coordinates (17.40°E, 83.30°N) outside acceptable region (60-100°E, 0-40°N)
2025-11-03 14:19:49,392 - ShipNavigation - INFO - Start button clicked - caches cleared
2025-11-03 14:19:49,425 - ShipNavigation - INFO - Using MANUAL input mode
2025-11-03 14:19:49,425 - ShipNavigation - INFO - Parsed coordinates: Start(17.4000°E, 83.3000°N) End(11.3000°E, 93.0000°N)
2025-11-03 14:19:49,426 - ShipNavigation - ERROR - Start: Coordinates (17.40°E, 83.30°N) outside acceptable region (60-100°E, 0-40°N)
2025-11-03 14:19:49,664 - ShipNavigation - INFO - Start button clicked - caches cleared
2025-11-03 14:19:49,698 - ShipNavigation - INFO - Using MANUAL input mode
2025-11-03 14:19:49,699 - ShipNavigation - INFO - Parsed coordinates: Start(17.4000°E, 83.3000°N) End(11.3000°E, 93.0000°N)
2025-11-03 14:19:49,699 - ShipNavigation - ERROR - Start: Coordinates (17.40°E, 83.30°N) outside acceptable region (60-100°E, 0-40°N)
2025-11-03 14:19:49,940 - ShipNavigation - INFO - Start button clicked - caches cleared
2025-11-03 14:19:49,975 - ShipNavigation - INFO - Using MANUAL input mode
2025-11-03 14:19:49,975 - ShipNavigation - INFO - Parsed coordinates: Start(17.4000°E, 83.3000°N) End(11.3000°E, 93.0000°N)
2025-11-03 14:19:49,976 - ShipNavigation - ERROR - Start: Coordinates (17.40°E, 83.30°N) outside acceptable region (60-100°E, 0-40°N)
2025-11-03 14:19:50,214 - ShipNavigation - INFO - Start button clicked - caches cleared
2025-11-03 14:19:50,248 - ShipNavigation - INFO - Using MANUAL input mode
2025-11-03 14:19:50,249 - ShipNavigation - INFO - Parsed coordinates: Start(17.4000°E, 83.3000°N) End(11.3000°E, 93.0000°N)
2025-11-03 14:19:50,249 - ShipNavigation - ERROR - Start: Coordinates (17.40°E, 83.30°N) outside acceptable region (60-100°E, 0-40°N)
2025-11-03 14:19:50,491 - ShipNavigation - INFO - Start button clicked - caches cleared
2025-11-03 14:19:50,525 - ShipNavigation - INFO - Using MANUAL input mode
2025-11-03 14:19:50,525 - ShipNavigation - INFO - Parsed coordinates: Start(17.4000°E, 83.3000°N) End(11.3000°E, 93.0000°N)
2025-11-03 14:19:50,526 - ShipNavigation - ERROR - Start: Coordinates (17.40°E, 83.30°N) outside acceptable region (60-100°E, 0-40°N)
2025-11-03 14:19:50,772 - ShipNavigation - INFO - Start button clicked - caches cleared
2025-11-03 14:19:50,809 - ShipNavigation - INFO - Using MANUAL input mode
2025-11-03 14:19:50,811 - ShipNavigation - INFO - Parsed coordinates: Start(17.4000°E, 83.3000°N) End(11.3000°E, 93.0000°N)
2025-11-03 14:19:50,811 - ShipNavigation - ERROR - Start: Coordinates (17.40°E, 83.30°N) outside acceptable region (60-100°E, 0-40°N)
2025-11-03 14:19:51,119 - ShipNavigation - INFO - Start button clicked - caches cleared
2025-11-03 14:19:51,154 - ShipNavigation - INFO - Using MANUAL input mode
2025-11-03 14:19:51,154 - ShipNavigation - INFO - Parsed coordinates: Start(17.4000°E, 83.3000°N) End(11.3000°E, 93.0000°N)
2025-11-03 14:19:51,155 - ShipNavigation - ERROR - Start: Coordinates (17.40°E, 83.30°N) outside acceptable region (60-100°E, 0-40°N)
2025-11-03 14:19:51,428 - ShipNavigation - INFO - Start button clicked - caches cleared
2025-11-03 14:19:51,463 - ShipNavigation - INFO - Using MANUAL input mode
2025-11-03 14:19:51,464 - ShipNavigation - INFO - Parsed coordinates: Start(17.4000°E, 83.3000°N) End(11.3000°E, 93.0000°N)
2025-11-03 14:19:51,464 - ShipNavigation - ERROR - Start: Coordinates (17.40°E, 83.30°N) outside acceptable region (60-100°E, 0-40°N)
2025-11-03 14:19:52,107 - ShipNavigation - INFO - Start button clicked - caches cleared
2025-11-03 14:19:52,136 - ShipNavigation - INFO - Using MANUAL input mode
2025-11-03 14:19:52,138 - ShipNavigation - INFO - Parsed coordinates: Start(17.4000°E, 83.3000°N) End(11.3000°E, 93.0000°N)
2025-11-03 14:19:52,138 - ShipNavigation - ERROR - Start: Coordinates (17.40°E, 83.30°N) outside acceptable region (60-100°E, 0-40°N)
2025-11-03 14:19:52,433 - ShipNavigation - INFO - Start button clicked - caches cleared
2025-11-03 14:19:52,459 - ShipNavigation - INFO - Using MANUAL input mode
2025-11-03 14:19:52,459 - ShipNavigation - INFO - Parsed coordinates: Start(17.4000°E, 83.3000°N) End(11.3000°E, 93.0000°N)
2025-11-03 14:19:52,460 - ShipNavigation - ERROR - Start: Coordinates (17.40°E, 83.30°N) outside acceptable region (60-100°E, 0-40°N)
2025-11-03 14:19:52,756 - ShipNavigation - INFO - Start button clicked - caches cleared
2025-11-03 14:19:52,823 - ShipNavigation - INFO - Using MANUAL input mode
2025-11-03 14:19:52,824 - ShipNavigation - INFO - Parsed coordinates: Start(17.4000°E, 83.3000°N) End(11.3000°E, 93.0000°N)
2025-11-03 14:19:52,825 - ShipNavigation - ERROR - Start: Coordinates (17.40°E, 83.30°N) outside acceptable region (60-100°E, 0-40°N)
2025-11-03 14:19:53,391 - ShipNavigation - INFO - Start button clicked - caches cleared
2025-11-03 14:19:53,424 - ShipNavigation - INFO - Using MANUAL input mode
2025-11-03 14:19:53,425 - ShipNavigation - INFO - Parsed coordinates: Start(17.4000°E, 83.3000°N) End(11.3000°E, 93.0000°N)
2025-11-03 14:19:53,425 - ShipNavigation - ERROR - Start: Coordinates (17.40°E, 83.30°N) outside acceptable region (60-100°E, 0-40°N)
2025-11-03 14:19:53,834 - ShipNavigation - INFO - Start button clicked - caches cleared
2025-11-03 14:19:53,863 - ShipNavigation - INFO - Using MANUAL input mode
2025-11-03 14:19:53,864 - ShipNavigation - INFO - Parsed coordinates: Start(17.4000°E, 83.3000°N) End(11.3000°E, 93.0000°N)
2025-11-03 14:19:53,864 - ShipNavigation - ERROR - Start: Coordinates (17.40°E, 83.30°N) outside acceptable region (60-100°E, 0-40°N)
2025-11-03 14:19:54,907 - ShipNavigation - INFO - Start button clicked - caches cleared
2025-11-03 14:19:54,941 - ShipNavigation - INFO - Using MANUAL input mode
2025-11-03 14:19:54,942 - ShipNavigation - INFO - Parsed coordinates: Start(17.4000°E, 83.3000°N) End(11.3000°E, 93.0000°N)
2025-11-03 14:19:54,943 - ShipNavigation - ERROR - Start: Coordinates (17.40°E, 83.30°N) outside acceptable region (60-100°E, 0-40°N)
2025-11-03 14:19:55,192 - ShipNavigation - INFO - Start button clicked - caches cleared
2025-11-03 14:19:55,221 - ShipNavigation - INFO - Using MANUAL input mode
2025-11-03 14:19:55,221 - ShipNavigation - INFO - Parsed coordinates: Start(17.4000°E, 83.3000°N) End(11.3000°E, 93.0000°N)
2025-11-03 14:19:55,223 - ShipNavigation - ERROR - Start: Coordinates (17.40°E, 83.30°N) outside acceptable region (60-100°E, 0-40°N)
2025-11-03 14:19:55,523 - ShipNavigation - INFO - Start button clicked - caches cleared
2025-11-03 14:19:55,559 - ShipNavigation - INFO - Using MANUAL input mode
2025-11-03 14:19:55,560 - ShipNavigation - INFO - Parsed coordinates: Start(17.4000°E, 83.3000°N) End(11.3000°E, 93.0000°N)
2025-11-03 14:19:55,561 - ShipNavigation - ERROR - Start: Coordinates (17.40°E, 83.30°N) outside acceptable region (60-100°E, 0-40°N)
2025-11-03 14:19:55,832 - ShipNavigation - INFO - Start button clicked - caches cleared
2025-11-03 14:19:55,856 - ShipNavigation - INFO - Using MANUAL input mode
2025-11-03 14:19:55,857 - ShipNavigation - INFO - Parsed coordinates: Start(17.4000°E, 83.3000°N) End(11.3000°E, 93.0000°N)
2025-11-03 14:19:55,857 - ShipNavigation - ERROR - Start: Coordinates (17.40°E, 83.30°N) outside acceptable region (60-100°E, 0-40°N)
2025-11-03 14:19:56,186 - ShipNavigation - INFO - Start button clicked - caches cleared
2025-11-03 14:19:56,211 - ShipNavigation - INFO - Using MANUAL input mode
2025-11-03 14:19:56,211 - ShipNavigation - INFO - Parsed coordinates: Start(17.4000°E, 83.3000°N) End(11.3000°E, 93.0000°N)
2025-11-03 14:19:56,212 - ShipNavigation - ERROR - Start: Coordinates (17.40°E, 83.30°N) outside acceptable region (60-100°E, 0-40°N)
2025-11-03 14:19:56,579 - ShipNavigation - INFO - Start button clicked - caches cleared
2025-11-03 14:19:56,605 - ShipNavigation - INFO - Using MANUAL input mode
2025-11-03 14:19:56,606 - ShipNavigation - INFO - Parsed coordinates: Start(17.4000°E, 83.3000°N) End(11.3000°E, 93.0000°N)
2025-11-03 14:19:56,606 - ShipNavigation - ERROR - Start: Coordinates (17.40°E, 83.30°N) outside acceptable region (60-100°E, 0-40°N)
2025-11-03 14:19:57,088 - ShipNavigation - INFO - Start button clicked - caches cleared
2025-11-03 14:19:57,115 - ShipNavigation - INFO - Using MANUAL input mode
2025-11-03 14:19:57,116 - ShipNavigation - INFO - Parsed coordinates: Start(17.4000°E, 83.3000°N) End(11.3000°E, 93.0000°N)
2025-11-03 14:19:57,116 - ShipNavigation - ERROR - Start: Coordinates (17.40°E, 83.30°N) outside acceptable region (60-100°E, 0-40°N)
2025-11-03 14:19:57,424 - ShipNavigation - INFO - Start button clicked - caches cleared
2025-11-03 14:19:57,457 - ShipNavigation - INFO - Using MANUAL input mode
2025-11-03 14:19:57,458 - ShipNavigation - INFO - Parsed coordinates: Start(17.4000°E, 83.3000°N) End(11.3000°E, 93.0000°N)
2025-11-03 14:19:57,458 - ShipNavigation - ERROR - Start: Coordinates (17.40°E, 83.30°N) outside acceptable region (60-100°E, 0-40°N)
2025-11-03 14:19:57,763 - ShipNavigation - INFO - Start button clicked - caches cleared
2025-11-03 14:19:57,796 - ShipNavigation - INFO - Using MANUAL input mode
2025-11-03 14:19:57,797 - ShipNavigation - INFO - Parsed coordinates: Start(17.4000°E, 83.3000°N) End(11.3000°E, 93.0000°N)
2025-11-03 14:19:57,797 - ShipNavigation - ERROR - Start: Coordinates (17.40°E, 83.30°N) outside acceptable region (60-100°E, 0-40°N)
2025-11-03 14:19:58,540 - ShipNavigation - INFO - Start button clicked - caches cleared
2025-11-03 14:19:58,574 - ShipNavigation - INFO - Using MANUAL input mode
2025-11-03 14:19:58,575 - ShipNavigation - INFO - Parsed coordinates: Start(17.4000°E, 83.3000°N) End(11.3000°E, 93.0000°N)
2025-11-03 14:19:58,575 - ShipNavigation - ERROR - Start: Coordinates (17.40°E, 83.30°N) outside acceptable region (60-100°E, 0-40°N)
2025-11-03 14:20:32,111 - ShipNavigation - INFO - Start button clicked - caches cleared
2025-11-03 14:20:32,142 - ShipNavigation - INFO - Using MANUAL input mode
2025-11-03 14:20:32,143 - ShipNavigation - INFO - Parsed coordinates: Start(83.3000°E, 1740.0000°N) End(93.0000°E, 11.3000°N)
2025-11-03 14:20:32,143 - ShipNavigation - ERROR - Start: Latitude 1740.00° out of range [-90°, 90°]
2025-11-03 14:20:38,139 - ShipNavigation - INFO - Application closing
